Jun-17 09:44:29.872 [main] DEBUG nextflow.cli.Launcher - $> nextflow run main.nf --vcf_list /Users/marcocrotti/Desktop/nextflow_pipelines/input_vcfs.csv
Jun-17 09:44:30.059 [main] INFO  nextflow.cli.CmdRun - N E X T F L O W  ~  version 21.04.3
Jun-17 09:44:30.090 [main] INFO  nextflow.cli.CmdRun - Launching `main.nf` [special_austin] - revision: 419565e7d6
Jun-17 09:44:30.119 [main] DEBUG nextflow.config.ConfigBuilder - Found config local: /Users/marcocrotti/Desktop/cloudre_pipeline/test_disk_size/nextflow.config
Jun-17 09:44:30.120 [main] DEBUG nextflow.config.ConfigBuilder - Parsing config file: /Users/marcocrotti/Desktop/cloudre_pipeline/test_disk_size/nextflow.config
Jun-17 09:44:30.172 [main] DEBUG nextflow.config.ConfigBuilder - Applying config profile: `standard`
Jun-17 09:44:31.084 [main] DEBUG nextflow.plugin.PluginsFacade - Setting up plugin manager > mode=prod; plugins-dir=/Users/marcocrotti/.nextflow/plugins
Jun-17 09:44:31.086 [main] DEBUG nextflow.plugin.PluginsFacade - Plugins default=[]
Jun-17 09:44:31.088 [main] DEBUG nextflow.plugin.PluginsFacade - Plugins local root: .nextflow/plr/empty
Jun-17 09:44:31.107 [main] INFO  org.pf4j.DefaultPluginStatusProvider - Enabled plugins: []
Jun-17 09:44:31.108 [main] INFO  org.pf4j.DefaultPluginStatusProvider - Disabled plugins: []
Jun-17 09:44:31.129 [main] INFO  org.pf4j.DefaultPluginManager - PF4J version 3.4.1 in 'deployment' mode
Jun-17 09:44:31.153 [main] INFO  org.pf4j.AbstractPluginManager - No plugins
Jun-17 09:44:31.210 [main] DEBUG nextflow.Session - Session uuid: d8e6b937-3bf1-42e3-88da-42dda90bdeef
Jun-17 09:44:31.210 [main] DEBUG nextflow.Session - Run name: special_austin
Jun-17 09:44:31.211 [main] DEBUG nextflow.Session - Executor pool size: 8
Jun-17 09:44:36.292 [main] DEBUG nextflow.cli.CmdRun - 
  Version: 21.04.3 build 5560
  Created: 21-07-2021 15:09 UTC (16:09 BST)
  System: Mac OS X 10.16
  Runtime: Groovy 3.0.7 on Java HotSpot(TM) 64-Bit Server VM 11.0.9+7-LTS
  Encoding: UTF-8 (UTF-8)
  Process: 94019@GEL-FVFG260DQ05N.local [192.168.1.101]
  CPUs: 8 - Mem: 16 GB (18.6 MB) - Swap: 13 GB (1.4 GB)
Jun-17 09:44:36.341 [main] DEBUG nextflow.Session - Work-dir: /Users/marcocrotti/Desktop/cloudre_pipeline/test_disk_size/work [Mac OS X]
Jun-17 09:44:36.342 [main] DEBUG nextflow.Session - Script base path does not exist or is not a directory: /Users/marcocrotti/Desktop/cloudre_pipeline/test_disk_size/bin
Jun-17 09:44:36.358 [main] DEBUG nextflow.executor.ExecutorFactory - Extension executors providers=[]
Jun-17 09:44:36.386 [main] DEBUG nextflow.Session - Observer factory: DefaultObserverFactory
Jun-17 09:44:36.506 [main] DEBUG nextflow.Session - Session start invoked
Jun-17 09:44:37.090 [main] DEBUG nextflow.script.ScriptRunner - > Launching execution
Jun-17 09:44:37.104 [main] DEBUG nextflow.Session - Workflow process names [dsl1]: check_disk_size
Jun-17 09:44:37.740 [main] DEBUG nextflow.executor.ExecutorFactory - << taskConfig executor: null
Jun-17 09:44:37.741 [main] DEBUG nextflow.executor.ExecutorFactory - >> processorType: 'local'
Jun-17 09:44:37.753 [main] DEBUG nextflow.executor.Executor - [warm up] executor > local
Jun-17 09:44:37.763 [main] DEBUG n.processor.LocalPollingMonitor - Creating local task monitor for executor 'local' > cpus=8; memory=16 GB; capacity=8; pollInterval=100ms; dumpInterval=5m
Jun-17 09:44:37.952 [main] DEBUG nextflow.script.ScriptRunner - > Await termination 
Jun-17 09:44:37.953 [main] DEBUG nextflow.Session - Session await
Jun-17 09:44:38.410 [Task submitter] DEBUG nextflow.executor.LocalTaskHandler - Launch cmd line: /bin/bash -ue .command.run
Jun-17 09:44:38.421 [Task submitter] INFO  nextflow.Session - [80/8ed2dd] Submitted process > check_disk_size (1)
Jun-17 09:44:38.650 [Task monitor] DEBUG n.processor.TaskPollingMonitor - Task completed > TaskHandler[id: 1; name: check_disk_size (1); status: COMPLETED; exit: 0; error: -; workDir: /Users/marcocrotti/Desktop/cloudre_pipeline/test_disk_size/work/80/8ed2ddec6afc598324014b1a216c0b]
Jun-17 09:44:38.684 [main] DEBUG nextflow.Session - Session await > all process finished
Jun-17 09:44:38.688 [main] DEBUG nextflow.Session - Session await > all barriers passed
Jun-17 09:44:38.703 [main] DEBUG nextflow.trace.WorkflowStatsObserver - Workflow completed > WorkflowStats[succeededCount=1; failedCount=0; ignoredCount=0; cachedCount=0; pendingCount=0; submittedCount=0; runningCount=0; retriesCount=0; abortedCount=0; succeedDuration=99ms; failedDuration=0ms; cachedDuration=0ms;loadCpus=0; loadMemory=0; peakRunning=1; peakCpus=1; peakMemory=0; ]
Jun-17 09:44:38.880 [main] DEBUG nextflow.CacheDB - Closing CacheDB done
Jun-17 09:44:38.901 [main] DEBUG nextflow.script.ScriptRunner - > Execution complete -- Goodbye
